0 info it worked if it ends with ok
1 verbose cli [ '/usr/local/bin/node', '/usr/local/bin/npm', 'run', 'lint' ]
2 info using npm@3.9.3
3 info using node@v6.2.1
4 verbose run-script [ 'prelint', 'lint', 'postlint' ]
5 info lifecycle themis-finals-stream@1.0.0~prelint: themis-finals-stream@1.0.0
6 silly lifecycle themis-finals-stream@1.0.0~prelint: no script for prelint, continuing
7 info lifecycle themis-finals-stream@1.0.0~lint: themis-finals-stream@1.0.0
8 verbose lifecycle themis-finals-stream@1.0.0~lint: unsafe-perm in lifecycle true
9 verbose lifecycle themis-finals-stream@1.0.0~lint: PATH: /usr/local/lib/node_modules/npm/bin/node-gyp-bin:/var/themis/finals/stream/node_modules/.bin:/usr/local/bin:/opt/rbenv/shims:/opt/rbenv/bin:/home/vagrant/bin:/usr/local/bin:/usr/local/sbin:/usr/local/sbin:/usr/local/bin:/usr/sbin:/usr/bin:/sbin:/bin:/usr/games:/usr/local/games
10 verbose lifecycle themis-finals-stream@1.0.0~lint: CWD: /var/themis/finals/stream
11 silly lifecycle themis-finals-stream@1.0.0~lint: Args: [ '-c', 'standard --verbose lib/**/*.js | snazzy' ]
12 silly lifecycle themis-finals-stream@1.0.0~lint: Returned: code: 255  signal: null
13 info lifecycle themis-finals-stream@1.0.0~lint: Failed to exec lint script
14 verbose stack Error: themis-finals-stream@1.0.0 lint: `standard --verbose lib/**/*.js | snazzy`
14 verbose stack Exit status 255
14 verbose stack     at EventEmitter.<anonymous> (/usr/local/lib/node_modules/npm/lib/utils/lifecycle.js:245:16)
14 verbose stack     at emitTwo (events.js:106:13)
14 verbose stack     at EventEmitter.emit (events.js:191:7)
14 verbose stack     at ChildProcess.<anonymous> (/usr/local/lib/node_modules/npm/lib/utils/spawn.js:24:14)
14 verbose stack     at emitTwo (events.js:106:13)
14 verbose stack     at ChildProcess.emit (events.js:191:7)
14 verbose stack     at maybeClose (internal/child_process.js:852:16)
14 verbose stack     at Process.ChildProcess._handle.onexit (internal/child_process.js:215:5)
15 verbose pkgid themis-finals-stream@1.0.0
16 verbose cwd /var/themis/finals/stream/lib
17 error Linux 4.2.0-27-generic
18 error argv "/usr/local/bin/node" "/usr/local/bin/npm" "run" "lint"
19 error node v6.2.1
20 error npm  v3.9.3
21 error code ELIFECYCLE
22 error themis-finals-stream@1.0.0 lint: `standard --verbose lib/**/*.js | snazzy`
22 error Exit status 255
23 error Failed at the themis-finals-stream@1.0.0 lint script 'standard --verbose lib/**/*.js | snazzy'.
23 error Make sure you have the latest version of node.js and npm installed.
23 error If you do, this is most likely a problem with the themis-finals-stream package,
23 error not with npm itself.
23 error Tell the author that this fails on your system:
23 error     standard --verbose lib/**/*.js | snazzy
23 error You can get information on how to open an issue for this project with:
23 error     npm bugs themis-finals-stream
23 error Or if that isn't available, you can get their info via:
23 error     npm owner ls themis-finals-stream
23 error There is likely additional logging output above.
24 verbose exit [ 1, true ]
